<?xml version="1.0" encoding="UTF-8"?>
<testsuite xmlns:xsi="http://www.w3.org/2001/XMLSchema-instance" xsi:noNamespaceSchemaLocation="https://maven.apache.org/surefire/maven-surefire-plugin/xsd/surefire-test-report-3.0.xsd" version="3.0" name="org.studentnr.backend.service.UserServiceTest" time="0.011" tests="1" errors="1" skipped="0" failures="0">
  <properties>
    <property name="gopherProxySet" value="false"/>
    <property name="awt.toolkit" value="sun.lwawt.macosx.LWCToolkit"/>
    <property name="java.specification.version" value="11"/>
    <property name="sun.cpu.isalist" value=""/>
    <property name="sun.jnu.encoding" value="UTF-8"/>
    <property name="java.class.path" value="/Users/roozbehmoradi/Desktop/Enterprise/travel_agency/backend/target/test-classes:/Users/roozbehmoradi/Desktop/Enterprise/travel_agency/backend/target/classes:/Users/roozbehmoradi/.m2/repository/javax/enterprise/cdi-api/2.0/cdi-api-2.0.jar:/Users/roozbehmoradi/.m2/repository/javax/interceptor/javax.interceptor-api/1.2/javax.interceptor-api-1.2.jar:/Users/roozbehmoradi/.m2/repository/javax/inject/javax.inject/1/javax.inject-1.jar:/Users/roozbehmoradi/.m2/repository/org/junit/jupiter/junit-jupiter-engine/5.6.3/junit-jupiter-engine-5.6.3.jar:/Users/roozbehmoradi/.m2/repository/org/apiguardian/apiguardian-api/1.1.0/apiguardian-api-1.1.0.jar:/Users/roozbehmoradi/.m2/repository/org/junit/platform/junit-platform-engine/1.6.3/junit-platform-engine-1.6.3.jar:/Users/roozbehmoradi/.m2/repository/org/opentest4j/opentest4j/1.2.0/opentest4j-1.2.0.jar:/Users/roozbehmoradi/.m2/repository/org/junit/platform/junit-platform-commons/1.6.3/junit-platform-commons-1.6.3.jar:/Users/roozbehmoradi/.m2/repository/org/junit/jupiter/junit-jupiter-api/5.6.3/junit-jupiter-api-5.6.3.jar:/Users/roozbehmoradi/.m2/repository/org/springframework/boot/spring-boot-starter-data-jpa/2.3.5.RELEASE/spring-boot-starter-data-jpa-2.3.5.RELEASE.jar:/Users/roozbehmoradi/.m2/repository/org/springframework/boot/spring-boot-starter-aop/2.3.5.RELEASE/spring-boot-starter-aop-2.3.5.RELEASE.jar:/Users/roozbehmoradi/.m2/repository/org/aspectj/aspectjweaver/1.9.6/aspectjweaver-1.9.6.jar:/Users/roozbehmoradi/.m2/repository/org/springframework/boot/spring-boot-starter-jdbc/2.3.5.RELEASE/spring-boot-starter-jdbc-2.3.5.RELEASE.jar:/Users/roozbehmoradi/.m2/repository/com/zaxxer/HikariCP/3.4.5/HikariCP-3.4.5.jar:/Users/roozbehmoradi/.m2/repository/org/springframework/spring-jdbc/5.2.10.RELEASE/spring-jdbc-5.2.10.RELEASE.jar:/Users/roozbehmoradi/.m2/repository/jakarta/transaction/jakarta.transaction-api/1.3.3/jakarta.transaction-api-1.3.3.jar:/Users/roozbehmoradi/.m2/repository/jakarta/persistence/jakarta.persistence-api/2.2.3/jakarta.persistence-api-2.2.3.jar:/Users/roozbehmoradi/.m2/repository/org/hibernate/hibernate-core/5.3.7.Final/hibernate-core-5.3.7.Final.jar:/Users/roozbehmoradi/.m2/repository/org/jboss/logging/jboss-logging/3.4.1.Final/jboss-logging-3.4.1.Final.jar:/Users/roozbehmoradi/.m2/repository/org/javassist/javassist/3.23.1-GA/javassist-3.23.1-GA.jar:/Users/roozbehmoradi/.m2/repository/net/bytebuddy/byte-buddy/1.10.17/byte-buddy-1.10.17.jar:/Users/roozbehmoradi/.m2/repository/antlr/antlr/2.7.7/antlr-2.7.7.jar:/Users/roozbehmoradi/.m2/repository/org/jboss/jandex/2.0.5.Final/jandex-2.0.5.Final.jar:/Users/roozbehmoradi/.m2/repository/com/fasterxml/classmate/1.5.1/classmate-1.5.1.jar:/Users/roozbehmoradi/.m2/repository/org/dom4j/dom4j/2.1.1/dom4j-2.1.1.jar:/Users/roozbehmoradi/.m2/repository/org/hibernate/common/hibernate-commons-annotations/5.0.4.Final/hibernate-commons-annotations-5.0.4.Final.jar:/Users/roozbehmoradi/.m2/repository/org/springframework/data/spring-data-jpa/2.3.5.RELEASE/spring-data-jpa-2.3.5.RELEASE.jar:/Users/roozbehmoradi/.m2/repository/org/springframework/data/spring-data-commons/2.3.5.RELEASE/spring-data-commons-2.3.5.RELEASE.jar:/Users/roozbehmoradi/.m2/repository/org/springframework/spring-orm/5.2.10.RELEASE/spring-orm-5.2.10.RELEASE.jar:/Users/roozbehmoradi/.m2/repository/org/springframework/spring-context/5.2.10.RELEASE/spring-context-5.2.10.RELEASE.jar:/Users/roozbehmoradi/.m2/repository/org/springframework/spring-tx/5.2.10.RELEASE/spring-tx-5.2.10.RELEASE.jar:/Users/roozbehmoradi/.m2/repository/org/springframework/spring-beans/5.2.10.RELEASE/spring-beans-5.2.10.RELEASE.jar:/Users/roozbehmoradi/.m2/repository/org/slf4j/slf4j-api/1.7.30/slf4j-api-1.7.30.jar:/Users/roozbehmoradi/.m2/repository/org/springframework/spring-aspects/5.2.10.RELEASE/spring-aspects-5.2.10.RELEASE.jar:/Users/roozbehmoradi/.m2/repository/org/springframework/boot/spring-boot-starter-validation/2.3.5.RELEASE/spring-boot-starter-validation-2.3.5.RELEASE.jar:/Users/roozbehmoradi/.m2/repository/org/springframework/boot/spring-boot-starter/2.3.5.RELEASE/spring-boot-starter-2.3.5.RELEASE.jar:/Users/roozbehmoradi/.m2/repository/org/springframework/boot/spring-boot/2.3.5.RELEASE/spring-boot-2.3.5.RELEASE.jar:/Users/roozbehmoradi/.m2/repository/org/springframework/boot/spring-boot-autoconfigure/2.3.5.RELEASE/spring-boot-autoconfigure-2.3.5.RELEASE.jar:/Users/roozbehmoradi/.m2/repository/org/springframework/boot/spring-boot-starter-logging/2.3.5.RELEASE/spring-boot-starter-logging-2.3.5.RELEASE.jar:/Users/roozbehmoradi/.m2/repository/ch/qos/logback/logback-classic/1.2.3/logback-classic-1.2.3.jar:/Users/roozbehmoradi/.m2/repository/ch/qos/logback/logback-core/1.2.3/logback-core-1.2.3.jar:/Users/roozbehmoradi/.m2/repository/org/apache/logging/log4j/log4j-to-slf4j/2.13.3/log4j-to-slf4j-2.13.3.jar:/Users/roozbehmoradi/.m2/repository/org/apache/logging/log4j/log4j-api/2.13.3/log4j-api-2.13.3.jar:/Users/roozbehmoradi/.m2/repository/org/slf4j/jul-to-slf4j/1.7.30/jul-to-slf4j-1.7.30.jar:/Users/roozbehmoradi/.m2/repository/jakarta/annotation/jakarta.annotation-api/1.3.5/jakarta.annotation-api-1.3.5.jar:/Users/roozbehmoradi/.m2/repository/org/yaml/snakeyaml/1.26/snakeyaml-1.26.jar:/Users/roozbehmoradi/.m2/repository/org/glassfish/jakarta.el/3.0.3/jakarta.el-3.0.3.jar:/Users/roozbehmoradi/.m2/repository/org/hibernate/validator/hibernate-validator/6.1.6.Final/hibernate-validator-6.1.6.Final.jar:/Users/roozbehmoradi/.m2/repository/jakarta/validation/jakarta.validation-api/2.0.2/jakarta.validation-api-2.0.2.jar:/Users/roozbehmoradi/.m2/repository/org/springframework/boot/spring-boot-starter-test/2.3.5.RELEASE/spring-boot-starter-test-2.3.5.RELEASE.jar:/Users/roozbehmoradi/.m2/repository/org/springframework/boot/spring-boot-test/2.3.5.RELEASE/spring-boot-test-2.3.5.RELEASE.jar:/Users/roozbehmoradi/.m2/repository/org/springframework/boot/spring-boot-test-autoconfigure/2.3.5.RELEASE/spring-boot-test-autoconfigure-2.3.5.RELEASE.jar:/Users/roozbehmoradi/.m2/repository/com/jayway/jsonpath/json-path/2.4.0/json-path-2.4.0.jar:/Users/roozbehmoradi/.m2/repository/net/minidev/json-smart/2.3/json-smart-2.3.jar:/Users/roozbehmoradi/.m2/repository/net/minidev/accessors-smart/1.2/accessors-smart-1.2.jar:/Users/roozbehmoradi/.m2/repository/org/ow2/asm/asm/5.0.4/asm-5.0.4.jar:/Users/roozbehmoradi/.m2/repository/jakarta/xml/bind/jakarta.xml.bind-api/2.3.3/jakarta.xml.bind-api-2.3.3.jar:/Users/roozbehmoradi/.m2/repository/jakarta/activation/jakarta.activation-api/1.2.2/jakarta.activation-api-1.2.2.jar:/Users/roozbehmoradi/.m2/repository/org/assertj/assertj-core/3.16.1/assertj-core-3.16.1.jar:/Users/roozbehmoradi/.m2/repository/org/hamcrest/hamcrest/2.2/hamcrest-2.2.jar:/Users/roozbehmoradi/.m2/repository/org/mockito/mockito-core/3.3.3/mockito-core-3.3.3.jar:/Users/roozbehmoradi/.m2/repository/net/bytebuddy/byte-buddy-agent/1.10.17/byte-buddy-agent-1.10.17.jar:/Users/roozbehmoradi/.m2/repository/org/objenesis/objenesis/2.6/objenesis-2.6.jar:/Users/roozbehmoradi/.m2/repository/org/mockito/mockito-junit-jupiter/3.3.3/mockito-junit-jupiter-3.3.3.jar:/Users/roozbehmoradi/.m2/repository/org/skyscreamer/jsonassert/1.5.0/jsonassert-1.5.0.jar:/Users/roozbehmoradi/.m2/repository/com/vaadin/external/google/android-json/0.0.20131108.vaadin1/android-json-0.0.20131108.vaadin1.jar:/Users/roozbehmoradi/.m2/repository/org/springframework/spring-core/5.2.10.RELEASE/spring-core-5.2.10.RELEASE.jar:/Users/roozbehmoradi/.m2/repository/org/springframework/spring-jcl/5.2.10.RELEASE/spring-jcl-5.2.10.RELEASE.jar:/Users/roozbehmoradi/.m2/repository/org/springframework/spring-test/5.2.10.RELEASE/spring-test-5.2.10.RELEASE.jar:/Users/roozbehmoradi/.m2/repository/org/xmlunit/xmlunit-core/2.7.0/xmlunit-core-2.7.0.jar:/Users/roozbehmoradi/.m2/repository/org/springframework/boot/spring-boot-starter-security/2.3.5.RELEASE/spring-boot-starter-security-2.3.5.RELEASE.jar:/Users/roozbehmoradi/.m2/repository/org/springframework/spring-aop/5.2.10.RELEASE/spring-aop-5.2.10.RELEASE.jar:/Users/roozbehmoradi/.m2/repository/org/springframework/security/spring-security-config/5.3.5.RELEASE/spring-security-config-5.3.5.RELEASE.jar:/Users/roozbehmoradi/.m2/repository/org/springframework/security/spring-security-core/5.3.5.RELEASE/spring-security-core-5.3.5.RELEASE.jar:/Users/roozbehmoradi/.m2/repository/org/springframework/security/spring-security-web/5.3.5.RELEASE/spring-security-web-5.3.5.RELEASE.jar:/Users/roozbehmoradi/.m2/repository/org/springframework/spring-expression/5.2.10.RELEASE/spring-expression-5.2.10.RELEASE.jar:/Users/roozbehmoradi/.m2/repository/org/springframework/spring-web/5.2.10.RELEASE/spring-web-5.2.10.RELEASE.jar:/Users/roozbehmoradi/.m2/repository/org/flywaydb/flyway-core/6.4.4/flyway-core-6.4.4.jar:/Users/roozbehmoradi/.m2/repository/com/h2database/h2/1.4.197/h2-1.4.197.jar:/Users/roozbehmoradi/.m2/repository/org/junit/jupiter/junit-jupiter/5.7.0/junit-jupiter-5.7.0.jar:/Users/roozbehmoradi/.m2/repository/org/junit/jupiter/junit-jupiter-params/5.6.3/junit-jupiter-params-5.6.3.jar:"/>
    <property name="java.vm.vendor" value="Oracle Corporation"/>
    <property name="sun.arch.data.model" value="64"/>
    <property name="java.vendor.url" value="https://openjdk.java.net/"/>
    <property name="user.timezone" value="Europe/Oslo"/>
    <property name="java.vm.specification.version" value="11"/>
    <property name="os.name" value="Mac OS X"/>
    <property name="sun.java.launcher" value="SUN_STANDARD"/>
    <property name="user.country" value="NO"/>
    <property name="sun.boot.library.path" value="/Library/Java/JavaVirtualMachines/jdk-11.0.10.jdk/Contents/Home/lib"/>
    <property name="sun.java.command" value="/Users/roozbehmoradi/Desktop/Enterprise/travel_agency/backend/target/surefire/surefirebooter1770482775263493061.jar /Users/roozbehmoradi/Desktop/Enterprise/travel_agency/backend/target/surefire 2021-04-29T12-38-40_804-jvmRun1 surefire4083160200557579546tmp surefire_07135065097378716697tmp"/>
    <property name="http.nonProxyHosts" value="local|*.local|169.254/16|*.169.254/16"/>
    <property name="jdk.debug" value="release"/>
    <property name="surefire.test.class.path" value="/Users/roozbehmoradi/Desktop/Enterprise/travel_agency/backend/target/test-classes:/Users/roozbehmoradi/Desktop/Enterprise/travel_agency/backend/target/classes:/Users/roozbehmoradi/.m2/repository/javax/enterprise/cdi-api/2.0/cdi-api-2.0.jar:/Users/roozbehmoradi/.m2/repository/javax/interceptor/javax.interceptor-api/1.2/javax.interceptor-api-1.2.jar:/Users/roozbehmoradi/.m2/repository/javax/inject/javax.inject/1/javax.inject-1.jar:/Users/roozbehmoradi/.m2/repository/org/junit/jupiter/junit-jupiter-engine/5.6.3/junit-jupiter-engine-5.6.3.jar:/Users/roozbehmoradi/.m2/repository/org/apiguardian/apiguardian-api/1.1.0/apiguardian-api-1.1.0.jar:/Users/roozbehmoradi/.m2/repository/org/junit/platform/junit-platform-engine/1.6.3/junit-platform-engine-1.6.3.jar:/Users/roozbehmoradi/.m2/repository/org/opentest4j/opentest4j/1.2.0/opentest4j-1.2.0.jar:/Users/roozbehmoradi/.m2/repository/org/junit/platform/junit-platform-commons/1.6.3/junit-platform-commons-1.6.3.jar:/Users/roozbehmoradi/.m2/repository/org/junit/jupiter/junit-jupiter-api/5.6.3/junit-jupiter-api-5.6.3.jar:/Users/roozbehmoradi/.m2/repository/org/springframework/boot/spring-boot-starter-data-jpa/2.3.5.RELEASE/spring-boot-starter-data-jpa-2.3.5.RELEASE.jar:/Users/roozbehmoradi/.m2/repository/org/springframework/boot/spring-boot-starter-aop/2.3.5.RELEASE/spring-boot-starter-aop-2.3.5.RELEASE.jar:/Users/roozbehmoradi/.m2/repository/org/aspectj/aspectjweaver/1.9.6/aspectjweaver-1.9.6.jar:/Users/roozbehmoradi/.m2/repository/org/springframework/boot/spring-boot-starter-jdbc/2.3.5.RELEASE/spring-boot-starter-jdbc-2.3.5.RELEASE.jar:/Users/roozbehmoradi/.m2/repository/com/zaxxer/HikariCP/3.4.5/HikariCP-3.4.5.jar:/Users/roozbehmoradi/.m2/repository/org/springframework/spring-jdbc/5.2.10.RELEASE/spring-jdbc-5.2.10.RELEASE.jar:/Users/roozbehmoradi/.m2/repository/jakarta/transaction/jakarta.transaction-api/1.3.3/jakarta.transaction-api-1.3.3.jar:/Users/roozbehmoradi/.m2/repository/jakarta/persistence/jakarta.persistence-api/2.2.3/jakarta.persistence-api-2.2.3.jar:/Users/roozbehmoradi/.m2/repository/org/hibernate/hibernate-core/5.3.7.Final/hibernate-core-5.3.7.Final.jar:/Users/roozbehmoradi/.m2/repository/org/jboss/logging/jboss-logging/3.4.1.Final/jboss-logging-3.4.1.Final.jar:/Users/roozbehmoradi/.m2/repository/org/javassist/javassist/3.23.1-GA/javassist-3.23.1-GA.jar:/Users/roozbehmoradi/.m2/repository/net/bytebuddy/byte-buddy/1.10.17/byte-buddy-1.10.17.jar:/Users/roozbehmoradi/.m2/repository/antlr/antlr/2.7.7/antlr-2.7.7.jar:/Users/roozbehmoradi/.m2/repository/org/jboss/jandex/2.0.5.Final/jandex-2.0.5.Final.jar:/Users/roozbehmoradi/.m2/repository/com/fasterxml/classmate/1.5.1/classmate-1.5.1.jar:/Users/roozbehmoradi/.m2/repository/org/dom4j/dom4j/2.1.1/dom4j-2.1.1.jar:/Users/roozbehmoradi/.m2/repository/org/hibernate/common/hibernate-commons-annotations/5.0.4.Final/hibernate-commons-annotations-5.0.4.Final.jar:/Users/roozbehmoradi/.m2/repository/org/springframework/data/spring-data-jpa/2.3.5.RELEASE/spring-data-jpa-2.3.5.RELEASE.jar:/Users/roozbehmoradi/.m2/repository/org/springframework/data/spring-data-commons/2.3.5.RELEASE/spring-data-commons-2.3.5.RELEASE.jar:/Users/roozbehmoradi/.m2/repository/org/springframework/spring-orm/5.2.10.RELEASE/spring-orm-5.2.10.RELEASE.jar:/Users/roozbehmoradi/.m2/repository/org/springframework/spring-context/5.2.10.RELEASE/spring-context-5.2.10.RELEASE.jar:/Users/roozbehmoradi/.m2/repository/org/springframework/spring-tx/5.2.10.RELEASE/spring-tx-5.2.10.RELEASE.jar:/Users/roozbehmoradi/.m2/repository/org/springframework/spring-beans/5.2.10.RELEASE/spring-beans-5.2.10.RELEASE.jar:/Users/roozbehmoradi/.m2/repository/org/slf4j/slf4j-api/1.7.30/slf4j-api-1.7.30.jar:/Users/roozbehmoradi/.m2/repository/org/springframework/spring-aspects/5.2.10.RELEASE/spring-aspects-5.2.10.RELEASE.jar:/Users/roozbehmoradi/.m2/repository/org/springframework/boot/spring-boot-starter-validation/2.3.5.RELEASE/spring-boot-starter-validation-2.3.5.RELEASE.jar:/Users/roozbehmoradi/.m2/repository/org/springframework/boot/spring-boot-starter/2.3.5.RELEASE/spring-boot-starter-2.3.5.RELEASE.jar:/Users/roozbehmoradi/.m2/repository/org/springframework/boot/spring-boot/2.3.5.RELEASE/spring-boot-2.3.5.RELEASE.jar:/Users/roozbehmoradi/.m2/repository/org/springframework/boot/spring-boot-autoconfigure/2.3.5.RELEASE/spring-boot-autoconfigure-2.3.5.RELEASE.jar:/Users/roozbehmoradi/.m2/repository/org/springframework/boot/spring-boot-starter-logging/2.3.5.RELEASE/spring-boot-starter-logging-2.3.5.RELEASE.jar:/Users/roozbehmoradi/.m2/repository/ch/qos/logback/logback-classic/1.2.3/logback-classic-1.2.3.jar:/Users/roozbehmoradi/.m2/repository/ch/qos/logback/logback-core/1.2.3/logback-core-1.2.3.jar:/Users/roozbehmoradi/.m2/repository/org/apache/logging/log4j/log4j-to-slf4j/2.13.3/log4j-to-slf4j-2.13.3.jar:/Users/roozbehmoradi/.m2/repository/org/apache/logging/log4j/log4j-api/2.13.3/log4j-api-2.13.3.jar:/Users/roozbehmoradi/.m2/repository/org/slf4j/jul-to-slf4j/1.7.30/jul-to-slf4j-1.7.30.jar:/Users/roozbehmoradi/.m2/repository/jakarta/annotation/jakarta.annotation-api/1.3.5/jakarta.annotation-api-1.3.5.jar:/Users/roozbehmoradi/.m2/repository/org/yaml/snakeyaml/1.26/snakeyaml-1.26.jar:/Users/roozbehmoradi/.m2/repository/org/glassfish/jakarta.el/3.0.3/jakarta.el-3.0.3.jar:/Users/roozbehmoradi/.m2/repository/org/hibernate/validator/hibernate-validator/6.1.6.Final/hibernate-validator-6.1.6.Final.jar:/Users/roozbehmoradi/.m2/repository/jakarta/validation/jakarta.validation-api/2.0.2/jakarta.validation-api-2.0.2.jar:/Users/roozbehmoradi/.m2/repository/org/springframework/boot/spring-boot-starter-test/2.3.5.RELEASE/spring-boot-starter-test-2.3.5.RELEASE.jar:/Users/roozbehmoradi/.m2/repository/org/springframework/boot/spring-boot-test/2.3.5.RELEASE/spring-boot-test-2.3.5.RELEASE.jar:/Users/roozbehmoradi/.m2/repository/org/springframework/boot/spring-boot-test-autoconfigure/2.3.5.RELEASE/spring-boot-test-autoconfigure-2.3.5.RELEASE.jar:/Users/roozbehmoradi/.m2/repository/com/jayway/jsonpath/json-path/2.4.0/json-path-2.4.0.jar:/Users/roozbehmoradi/.m2/repository/net/minidev/json-smart/2.3/json-smart-2.3.jar:/Users/roozbehmoradi/.m2/repository/net/minidev/accessors-smart/1.2/accessors-smart-1.2.jar:/Users/roozbehmoradi/.m2/repository/org/ow2/asm/asm/5.0.4/asm-5.0.4.jar:/Users/roozbehmoradi/.m2/repository/jakarta/xml/bind/jakarta.xml.bind-api/2.3.3/jakarta.xml.bind-api-2.3.3.jar:/Users/roozbehmoradi/.m2/repository/jakarta/activation/jakarta.activation-api/1.2.2/jakarta.activation-api-1.2.2.jar:/Users/roozbehmoradi/.m2/repository/org/assertj/assertj-core/3.16.1/assertj-core-3.16.1.jar:/Users/roozbehmoradi/.m2/repository/org/hamcrest/hamcrest/2.2/hamcrest-2.2.jar:/Users/roozbehmoradi/.m2/repository/org/mockito/mockito-core/3.3.3/mockito-core-3.3.3.jar:/Users/roozbehmoradi/.m2/repository/net/bytebuddy/byte-buddy-agent/1.10.17/byte-buddy-agent-1.10.17.jar:/Users/roozbehmoradi/.m2/repository/org/objenesis/objenesis/2.6/objenesis-2.6.jar:/Users/roozbehmoradi/.m2/repository/org/mockito/mockito-junit-jupiter/3.3.3/mockito-junit-jupiter-3.3.3.jar:/Users/roozbehmoradi/.m2/repository/org/skyscreamer/jsonassert/1.5.0/jsonassert-1.5.0.jar:/Users/roozbehmoradi/.m2/repository/com/vaadin/external/google/android-json/0.0.20131108.vaadin1/android-json-0.0.20131108.vaadin1.jar:/Users/roozbehmoradi/.m2/repository/org/springframework/spring-core/5.2.10.RELEASE/spring-core-5.2.10.RELEASE.jar:/Users/roozbehmoradi/.m2/repository/org/springframework/spring-jcl/5.2.10.RELEASE/spring-jcl-5.2.10.RELEASE.jar:/Users/roozbehmoradi/.m2/repository/org/springframework/spring-test/5.2.10.RELEASE/spring-test-5.2.10.RELEASE.jar:/Users/roozbehmoradi/.m2/repository/org/xmlunit/xmlunit-core/2.7.0/xmlunit-core-2.7.0.jar:/Users/roozbehmoradi/.m2/repository/org/springframework/boot/spring-boot-starter-security/2.3.5.RELEASE/spring-boot-starter-security-2.3.5.RELEASE.jar:/Users/roozbehmoradi/.m2/repository/org/springframework/spring-aop/5.2.10.RELEASE/spring-aop-5.2.10.RELEASE.jar:/Users/roozbehmoradi/.m2/repository/org/springframework/security/spring-security-config/5.3.5.RELEASE/spring-security-config-5.3.5.RELEASE.jar:/Users/roozbehmoradi/.m2/repository/org/springframework/security/spring-security-core/5.3.5.RELEASE/spring-security-core-5.3.5.RELEASE.jar:/Users/roozbehmoradi/.m2/repository/org/springframework/security/spring-security-web/5.3.5.RELEASE/spring-security-web-5.3.5.RELEASE.jar:/Users/roozbehmoradi/.m2/repository/org/springframework/spring-expression/5.2.10.RELEASE/spring-expression-5.2.10.RELEASE.jar:/Users/roozbehmoradi/.m2/repository/org/springframework/spring-web/5.2.10.RELEASE/spring-web-5.2.10.RELEASE.jar:/Users/roozbehmoradi/.m2/repository/org/flywaydb/flyway-core/6.4.4/flyway-core-6.4.4.jar:/Users/roozbehmoradi/.m2/repository/com/h2database/h2/1.4.197/h2-1.4.197.jar:/Users/roozbehmoradi/.m2/repository/org/junit/jupiter/junit-jupiter/5.7.0/junit-jupiter-5.7.0.jar:/Users/roozbehmoradi/.m2/repository/org/junit/jupiter/junit-jupiter-params/5.6.3/junit-jupiter-params-5.6.3.jar:"/>
    <property name="sun.cpu.endian" value="little"/>
    <property name="user.home" value="/Users/roozbehmoradi"/>
    <property name="user.language" value="nb"/>
    <property name="java.specification.vendor" value="Oracle Corporation"/>
    <property name="java.version.date" value="2021-01-19"/>
    <property name="java.home" value="/Library/Java/JavaVirtualMachines/jdk-11.0.10.jdk/Contents/Home"/>
    <property name="file.separator" value="/"/>
    <property name="basedir" value="/Users/roozbehmoradi/Desktop/Enterprise/travel_agency/backend"/>
    <property name="java.vm.compressedOopsMode" value="Zero based"/>
    <property name="line.separator" value="&#10;"/>
    <property name="java.specification.name" value="Java Platform API Specification"/>
    <property name="java.vm.specification.vendor" value="Oracle Corporation"/>
    <property name="java.awt.graphicsenv" value="sun.awt.CGraphicsEnvironment"/>
    <property name="java.awt.headless" value="true"/>
    <property name="surefire.real.class.path" value="/Users/roozbehmoradi/Desktop/Enterprise/travel_agency/backend/target/surefire/surefirebooter1770482775263493061.jar"/>
    <property name="sun.management.compiler" value="HotSpot 64-Bit Tiered Compilers"/>
    <property name="ftp.nonProxyHosts" value="local|*.local|169.254/16|*.169.254/16"/>
    <property name="java.runtime.version" value="11.0.10+8-LTS-162"/>
    <property name="user.name" value="roozbehmoradi"/>
    <property name="path.separator" value=":"/>
    <property name="os.version" value="10.16"/>
    <property name="java.runtime.name" value="Java(TM) SE Runtime Environment"/>
    <property name="file.encoding" value="UTF-8"/>
    <property name="spring.beaninfo.ignore" value="true"/>
    <property name="java.vm.name" value="Java HotSpot(TM) 64-Bit Server VM"/>
    <property name="java.vendor.version" value="18.9"/>
    <property name="localRepository" value="/Users/roozbehmoradi/.m2/repository"/>
    <property name="java.vendor.url.bug" value="https://bugreport.java.com/bugreport/"/>
    <property name="java.io.tmpdir" value="/var/folders/wt/njdxw5qj07vgmz7z1v4gty500000gn/T/"/>
    <property name="com.zaxxer.hikari.pool_number" value="1"/>
    <property name="java.version" value="11.0.10"/>
    <property name="user.dir" value="/Users/roozbehmoradi/Desktop/Enterprise/travel_agency/backend"/>
    <property name="os.arch" value="x86_64"/>
    <property name="java.vm.specification.name" value="Java Virtual Machine Specification"/>
    <property name="PID" value="18285"/>
    <property name="java.awt.printerjob" value="sun.lwawt.macosx.CPrinterJob"/>
    <property name="sun.os.patch.level" value="unknown"/>
    <property name="java.library.path" value="/Users/roozbehmoradi/Library/Java/Extensions:/Library/Java/Extensions:/Network/Library/Java/Extensions:/System/Library/Java/Extensions:/usr/lib/java:."/>
    <property name="java.vendor" value="Oracle Corporation"/>
    <property name="java.vm.info" value="mixed mode"/>
    <property name="java.vm.version" value="11.0.10+8-LTS-162"/>
    <property name="sun.io.unicode.encoding" value="UnicodeBig"/>
    <property name="java.class.version" value="55.0"/>
    <property name="socksNonProxyHosts" value="local|*.local|169.254/16|*.169.254/16"/>
  </properties>
  <testcase name="testCreateUser" classname="org.studentnr.backend.service.UserServiceTest" time="1.407">
    <error type="org.springframework.transaction.CannotCreateTransactionException"><![CDATA[org.springframework.transaction.CannotCreateTransactionException: Could not open JPA EntityManager for transaction; nested exception is javax.persistence.PersistenceException: [PersistenceUnit: default] Unable to build Hibernate SessionFactory; nested exception is org.hibernate.tool.schema.spi.SchemaManagementException: Schema-validation: missing table [trip]
Caused by: javax.persistence.PersistenceException: [PersistenceUnit: default] Unable to build Hibernate SessionFactory; nested exception is org.hibernate.tool.schema.spi.SchemaManagementException: Schema-validation: missing table [trip]
Caused by: org.hibernate.tool.schema.spi.SchemaManagementException: Schema-validation: missing table [trip]
]]></error>
    <system-out><![CDATA[12:38:42.443 [main] DEBUG org.springframework.test.context.BootstrapUtils - Instantiating CacheAwareContextLoaderDelegate from class [org.springframework.test.context.cache.DefaultCacheAwareContextLoaderDelegate]
12:38:42.493 [main] DEBUG org.springframework.test.context.BootstrapUtils - Instantiating BootstrapContext using constructor [public org.springframework.test.context.support.DefaultBootstrapContext(java.lang.Class,org.springframework.test.context.CacheAwareContextLoaderDelegate)]
12:38:42.665 [main] DEBUG org.springframework.test.context.BootstrapUtils - Instantiating TestContextBootstrapper for test class [org.studentnr.backend.service.UserServiceTest] from class [org.springframework.boot.test.context.SpringBootTestContextBootstrapper]
12:38:42.723 [main] INFO org.springframework.boot.test.context.SpringBootTestContextBootstrapper - Neither @ContextConfiguration nor @ContextHierarchy found for test class [org.studentnr.backend.service.UserServiceTest], using SpringBootContextLoader
12:38:42.736 [main] DEBUG org.springframework.test.context.support.AbstractContextLoader - Did not detect default resource location for test class [org.studentnr.backend.service.UserServiceTest]: class path resource [org/studentnr/backend/service/UserServiceTest-context.xml] does not exist
12:38:42.737 [main] DEBUG org.springframework.test.context.support.AbstractContextLoader - Did not detect default resource location for test class [org.studentnr.backend.service.UserServiceTest]: class path resource [org/studentnr/backend/service/UserServiceTestContext.groovy] does not exist
12:38:42.738 [main] INFO org.springframework.test.context.support.AbstractContextLoader - Could not detect default resource locations for test class [org.studentnr.backend.service.UserServiceTest]: no resource found for suffixes {-context.xml, Context.groovy}.
12:38:42.851 [main] DEBUG org.springframework.test.context.support.ActiveProfilesUtils - Could not find an 'annotation declaring class' for annotation type [org.springframework.test.context.ActiveProfiles] and class [org.studentnr.backend.service.UserServiceTest]
12:38:43.411 [main] DEBUG org.springframework.boot.test.context.SpringBootTestContextBootstrapper - @TestExecutionListeners is not present for class [org.studentnr.backend.service.UserServiceTest]: using defaults.
12:38:43.412 [main] INFO org.springframework.boot.test.context.SpringBootTestContextBootstrapper - Loaded default TestExecutionListener class names from location [META-INF/spring.factories]: [org.springframework.boot.test.mock.mockito.MockitoTestExecutionListener, org.springframework.boot.test.mock.mockito.ResetMocksTestExecutionListener, org.springframework.boot.test.autoconfigure.restdocs.RestDocsTestExecutionListener, org.springframework.boot.test.autoconfigure.web.client.MockRestServiceServerResetTestExecutionListener, org.springframework.boot.test.autoconfigure.web.servlet.MockMvcPrintOnlyOnFailureTestExecutionListener, org.springframework.boot.test.autoconfigure.web.servlet.WebDriverTestExecutionListener, org.springframework.boot.test.autoconfigure.webservices.client.MockWebServiceServerTestExecutionListener, org.springframework.test.context.web.ServletTestExecutionListener, org.springframework.test.context.support.DirtiesContextBeforeModesTestExecutionListener, org.springframework.test.context.support.DependencyInjectionTestExecutionListener, org.springframework.test.context.support.DirtiesContextTestExecutionListener, org.springframework.test.context.transaction.TransactionalTestExecutionListener, org.springframework.test.context.jdbc.SqlScriptsTestExecutionListener, org.springframework.test.context.event.EventPublishingTestExecutionListener]
12:38:43.456 [main] DEBUG org.springframework.boot.test.context.SpringBootTestContextBootstrapper - Skipping candidate TestExecutionListener [org.springframework.test.context.web.ServletTestExecutionListener] due to a missing dependency. Specify custom listener classes or make the default listener classes and their required dependencies available. Offending class: [javax/servlet/ServletContext]
12:38:43.557 [main] INFO org.springframework.boot.test.context.SpringBootTestContextBootstrapper - Using TestExecutionListeners: [org.springframework.test.context.support.DirtiesContextBeforeModesTestExecutionListener@74fc3fc7, org.springframework.boot.test.mock.mockito.MockitoTestExecutionListener@491893f8, org.springframework.boot.test.autoconfigure.SpringBootDependencyInjectionTestExecutionListener@1f408ab6, org.springframework.test.context.support.DirtiesContextTestExecutionListener@46e388ec, org.springframework.test.context.transaction.TransactionalTestExecutionListener@53f495f0, org.springframework.test.context.jdbc.SqlScriptsTestExecutionListener@5efe5b25, org.springframework.test.context.event.EventPublishingTestExecutionListener@45707f76, org.springframework.boot.test.mock.mockito.ResetMocksTestExecutionListener@1f0e2bdc, org.springframework.boot.test.autoconfigure.restdocs.RestDocsTestExecutionListener@682266d8, org.springframework.boot.test.autoconfigure.web.client.MockRestServiceServerResetTestExecutionListener@44a93f8a, org.springframework.boot.test.autoconfigure.web.servlet.MockMvcPrintOnlyOnFailureTestExecutionListener@26463a6, org.springframework.boot.test.autoconfigure.web.servlet.WebDriverTestExecutionListener@6c5ae8fd, org.springframework.boot.test.autoconfigure.webservices.client.MockWebServiceServerTestExecutionListener@17354708]
12:38:43.608 [main] DEBUG org.springframework.test.context.support.AbstractDirtiesContextTestExecutionListener - Before test class: context [DefaultTestContext@296676c4 testClass = UserServiceTest, testInstance = [null], testMethod = [null], testException = [null], mergedContextConfiguration = [MergedContextConfiguration@df7d1d4 testClass = UserServiceTest, locations = '{}', classes = '{class org.studentnr.backend.StubApplication, class org.studentnr.backend.StubApplication}', contextInitializerClasses = '[]', activeProfiles = '{}', propertySourceLocations = '{}', propertySourceProperties = '{org.springframework.boot.test.context.SpringBootTestContextBootstrapper=true}', contextCustomizers = set[org.springframework.boot.test.context.filter.ExcludeFilterContextCustomizer@11d2dd2d, org.springframework.boot.test.json.DuplicateJsonObjectContextCustomizerFactory$DuplicateJsonObjectContextCustomizer@20801cbb, org.springframework.boot.test.mock.mockito.MockitoContextCustomizer@0, org.springframework.boot.test.web.client.TestRestTemplateContextCustomizer@9a20cbd, org.springframework.boot.test.autoconfigure.properties.PropertyMappingContextCustomizer@0, org.springframework.boot.test.autoconfigure.web.servlet.WebDriverContextCustomizerFactory$Customizer@7bee8621, org.springframework.boot.test.context.SpringBootTestArgs@1, org.springframework.boot.test.context.SpringBootTestWebEnvironment@777c9dc9], contextLoader = 'org.springframework.boot.test.context.SpringBootContextLoader', parent = [null]], attributes = map[[empty]]], class annotated with @DirtiesContext [false] with mode [null].
12:38:43.631 [main] DEBUG org.springframework.test.context.support.DependencyInjectionTestExecutionListener - Performing dependency injection for test context [[DefaultTestContext@296676c4 testClass = UserServiceTest, testInstance = org.studentnr.backend.service.UserServiceTest@6e981e78, testMethod = [null], testException = [null], mergedContextConfiguration = [MergedContextConfiguration@df7d1d4 testClass = UserServiceTest, locations = '{}', classes = '{class org.studentnr.backend.StubApplication, class org.studentnr.backend.StubApplication}', contextInitializerClasses = '[]', activeProfiles = '{}', propertySourceLocations = '{}', propertySourceProperties = '{org.springframework.boot.test.context.SpringBootTestContextBootstrapper=true}', contextCustomizers = set[org.springframework.boot.test.context.filter.ExcludeFilterContextCustomizer@11d2dd2d, org.springframework.boot.test.json.DuplicateJsonObjectContextCustomizerFactory$DuplicateJsonObjectContextCustomizer@20801cbb, org.springframework.boot.test.mock.mockito.MockitoContextCustomizer@0, org.springframework.boot.test.web.client.TestRestTemplateContextCustomizer@9a20cbd, org.springframework.boot.test.autoconfigure.properties.PropertyMappingContextCustomizer@0, org.springframework.boot.test.autoconfigure.web.servlet.WebDriverContextCustomizerFactory$Customizer@7bee8621, org.springframework.boot.test.context.SpringBootTestArgs@1, org.springframework.boot.test.context.SpringBootTestWebEnvironment@777c9dc9], contextLoader = 'org.springframework.boot.test.context.SpringBootContextLoader', parent = [null]], attributes = map[[empty]]]].
12:38:43.696 [main] DEBUG org.springframework.test.context.support.TestPropertySourceUtils - Adding inlined properties to environment: {spring.jmx.enabled=false, org.springframework.boot.test.context.SpringBootTestContextBootstrapper=true}

  .   ____          _            __ _ _
 /\\ / ___'_ __ _ _(_)_ __  __ _ \ \ \ \
( ( )\___ | '_ | '_| | '_ \/ _` | \ \ \ \
 \\/  ___)| |_)| | | | | || (_| |  ) ) ) )
  '  |____| .__|_| |_|_| |_\__, | / / / /
 =========|_|==============|___/=/_/_/_/
 :: Spring Boot ::        (v2.3.5.RELEASE)

2021-04-29 12:38:44.816  INFO 18285 --- [           main] o.s.backend.service.UserServiceTest      : Starting UserServiceTest on Roozbehs-MBP.home with PID 18285 (started by roozbehmoradi in /Users/roozbehmoradi/Desktop/Enterprise/travel_agency/backend)
2021-04-29 12:38:44.819  INFO 18285 --- [           main] o.s.backend.service.UserServiceTest      : No active profile set, falling back to default profiles: default
2021-04-29 12:38:45.545  INFO 18285 --- [           main] .s.d.r.c.RepositoryConfigurationDelegate : Bootstrapping Spring Data JPA repositories in DEFERRED mode.
2021-04-29 12:38:45.577  INFO 18285 --- [           main] .s.d.r.c.RepositoryConfigurationDelegate : Finished Spring Data repository scanning in 20ms. Found 0 JPA repository interfaces.
2021-04-29 12:38:46.200  INFO 18285 --- [           main] o.f.c.internal.license.VersionPrinter    : Flyway Community Edition 6.4.4 by Redgate
2021-04-29 12:38:46.212  INFO 18285 --- [           main] com.zaxxer.hikari.HikariDataSource       : HikariPool-1 - Starting...
2021-04-29 12:38:46.587  INFO 18285 --- [           main] com.zaxxer.hikari.HikariDataSource       : HikariPool-1 - Start completed.
2021-04-29 12:38:46.635  INFO 18285 --- [           main] o.f.c.internal.database.DatabaseFactory  : Database: jdbc:h2:mem:1c2a1f16-e93d-4403-a74b-f9ca667d921e (H2 1.4)
2021-04-29 12:38:46.771  INFO 18285 --- [           main] o.f.core.internal.command.DbValidate     : Successfully validated 1 migration (execution time 00:00.041s)
2021-04-29 12:38:46.793  INFO 18285 --- [           main] o.f.c.i.s.JdbcTableSchemaHistory         : Creating Schema History table "PUBLIC"."flyway_schema_history" ...
2021-04-29 12:38:46.855  INFO 18285 --- [           main] o.f.core.internal.command.DbMigrate      : Current version of schema "PUBLIC": << Empty Schema >>
2021-04-29 12:38:46.861  INFO 18285 --- [           main] o.f.core.internal.command.DbMigrate      : Migrating schema "PUBLIC" to version 1.0 - createDB
2021-04-29 12:38:46.901  INFO 18285 --- [           main] o.f.core.internal.command.DbMigrate      : Successfully applied 1 migration to schema "PUBLIC" (execution time 00:00.056s)
2021-04-29 12:38:47.001  INFO 18285 --- [           main] o.s.s.concurrent.ThreadPoolTaskExecutor  : Initializing ExecutorService 'applicationTaskExecutor'
2021-04-29 12:38:47.093  INFO 18285 --- [         task-1] o.hibernate.jpa.internal.util.LogHelper  : HHH000204: Processing PersistenceUnitInfo [
	name: default
	...]
2021-04-29 12:38:47.220  INFO 18285 --- [         task-1] org.hibernate.Version                    : HHH000412: Hibernate Core {5.3.7.Final}
2021-04-29 12:38:47.222  INFO 18285 --- [         task-1] org.hibernate.cfg.Environment            : HHH000206: hibernate.properties not found
2021-04-29 12:38:47.373  INFO 18285 --- [           main] DeferredRepositoryInitializationListener : Triggering deferred initialization of Spring Data repositories…
2021-04-29 12:38:47.374  INFO 18285 --- [           main] DeferredRepositoryInitializationListener : Spring Data repositories initialized!
2021-04-29 12:38:47.383  INFO 18285 --- [           main] o.s.backend.service.UserServiceTest      : Started UserServiceTest in 3.682 seconds (JVM running for 6.255)
2021-04-29 12:38:47.451  INFO 18285 --- [         task-1] o.hibernate.annotations.common.Version   : HCANN000001: Hibernate Commons Annotations {5.0.4.Final}
2021-04-29 12:38:47.673  INFO 18285 --- [         task-1] org.hibernate.dialect.Dialect            : HHH000400: Using dialect: org.hibernate.dialect.H2Dialect
]]></system-out>
    <rerunError type="org.springframework.transaction.CannotCreateTransactionException">
      <stackTrace><![CDATA[org.springframework.transaction.CannotCreateTransactionException: Could not open JPA EntityManager for transaction; nested exception is javax.persistence.PersistenceException: [PersistenceUnit: default] Unable to build Hibernate SessionFactory; nested exception is org.hibernate.tool.schema.spi.SchemaManagementException: Schema-validation: missing table [trip]
Caused by: javax.persistence.PersistenceException: [PersistenceUnit: default] Unable to build Hibernate SessionFactory; nested exception is org.hibernate.tool.schema.spi.SchemaManagementException: Schema-validation: missing table [trip]
Caused by: org.hibernate.tool.schema.spi.SchemaManagementException: Schema-validation: missing table [trip]
]]></stackTrace>
      <system-out><![CDATA[2021-04-29 12:38:48.826  INFO 18285 --- [           main] .b.t.c.SpringBootTestContextBootstrapper : Neither @ContextConfiguration nor @ContextHierarchy found for test class [org.studentnr.backend.service.UserServiceTest], using SpringBootContextLoader
2021-04-29 12:38:48.827  INFO 18285 --- [           main] o.s.t.c.support.AbstractContextLoader    : Could not detect default resource locations for test class [org.studentnr.backend.service.UserServiceTest]: no resource found for suffixes {-context.xml, Context.groovy}.
2021-04-29 12:38:48.830  INFO 18285 --- [           main] .b.t.c.SpringBootTestContextBootstrapper : Loaded default TestExecutionListener class names from location [META-INF/spring.factories]: [org.springframework.boot.test.mock.mockito.MockitoTestExecutionListener, org.springframework.boot.test.mock.mockito.ResetMocksTestExecutionListener, org.springframework.boot.test.autoconfigure.restdocs.RestDocsTestExecutionListener, org.springframework.boot.test.autoconfigure.web.client.MockRestServiceServerResetTestExecutionListener, org.springframework.boot.test.autoconfigure.web.servlet.MockMvcPrintOnlyOnFailureTestExecutionListener, org.springframework.boot.test.autoconfigure.web.servlet.WebDriverTestExecutionListener, org.springframework.boot.test.autoconfigure.webservices.client.MockWebServiceServerTestExecutionListener, org.springframework.test.context.web.ServletTestExecutionListener, org.springframework.test.context.support.DirtiesContextBeforeModesTestExecutionListener, org.springframework.test.context.support.DependencyInjectionTestExecutionListener, org.springframework.test.context.support.DirtiesContextTestExecutionListener, org.springframework.test.context.transaction.TransactionalTestExecutionListener, org.springframework.test.context.jdbc.SqlScriptsTestExecutionListener, org.springframework.test.context.event.EventPublishingTestExecutionListener]
2021-04-29 12:38:48.831  INFO 18285 --- [           main] .b.t.c.SpringBootTestContextBootstrapper : Using TestExecutionListeners: [org.springframework.test.context.support.DirtiesContextBeforeModesTestExecutionListener@5bf94ba, org.springframework.boot.test.mock.mockito.MockitoTestExecutionListener@6a49bde9, org.springframework.boot.test.autoconfigure.SpringBootDependencyInjectionTestExecutionListener@7530068f, org.springframework.test.context.support.DirtiesContextTestExecutionListener@76a0762, org.springframework.test.context.transaction.TransactionalTestExecutionListener@7e894971, org.springframework.test.context.jdbc.SqlScriptsTestExecutionListener@598815bc, org.springframework.test.context.event.EventPublishingTestExecutionListener@2c79747c, org.springframework.boot.test.mock.mockito.ResetMocksTestExecutionListener@7bff3786, org.springframework.boot.test.autoconfigure.restdocs.RestDocsTestExecutionListener@4f092b49, org.springframework.boot.test.autoconfigure.web.client.MockRestServiceServerResetTestExecutionListener@56b5e2e1, org.springframework.boot.test.autoconfigure.web.servlet.MockMvcPrintOnlyOnFailureTestExecutionListener@3188a6df, org.springframework.boot.test.autoconfigure.web.servlet.WebDriverTestExecutionListener@33c9f46f, org.springframework.boot.test.autoconfigure.webservices.client.MockWebServiceServerTestExecutionListener@351cd23c]
]]></system-out>
    </rerunError>
    <rerunError type="org.springframework.transaction.CannotCreateTransactionException">
      <stackTrace><![CDATA[org.springframework.transaction.CannotCreateTransactionException: Could not open JPA EntityManager for transaction; nested exception is javax.persistence.PersistenceException: [PersistenceUnit: default] Unable to build Hibernate SessionFactory; nested exception is org.hibernate.tool.schema.spi.SchemaManagementException: Schema-validation: missing table [trip]
Caused by: javax.persistence.PersistenceException: [PersistenceUnit: default] Unable to build Hibernate SessionFactory; nested exception is org.hibernate.tool.schema.spi.SchemaManagementException: Schema-validation: missing table [trip]
Caused by: org.hibernate.tool.schema.spi.SchemaManagementException: Schema-validation: missing table [trip]
]]></stackTrace>
      <system-out><![CDATA[2021-04-29 12:38:48.846  INFO 18285 --- [           main] .b.t.c.SpringBootTestContextBootstrapper : Neither @ContextConfiguration nor @ContextHierarchy found for test class [org.studentnr.backend.service.UserServiceTest], using SpringBootContextLoader
2021-04-29 12:38:48.847  INFO 18285 --- [           main] o.s.t.c.support.AbstractContextLoader    : Could not detect default resource locations for test class [org.studentnr.backend.service.UserServiceTest]: no resource found for suffixes {-context.xml, Context.groovy}.
2021-04-29 12:38:48.851  INFO 18285 --- [           main] .b.t.c.SpringBootTestContextBootstrapper : Loaded default TestExecutionListener class names from location [META-INF/spring.factories]: [org.springframework.boot.test.mock.mockito.MockitoTestExecutionListener, org.springframework.boot.test.mock.mockito.ResetMocksTestExecutionListener, org.springframework.boot.test.autoconfigure.restdocs.RestDocsTestExecutionListener, org.springframework.boot.test.autoconfigure.web.client.MockRestServiceServerResetTestExecutionListener, org.springframework.boot.test.autoconfigure.web.servlet.MockMvcPrintOnlyOnFailureTestExecutionListener, org.springframework.boot.test.autoconfigure.web.servlet.WebDriverTestExecutionListener, org.springframework.boot.test.autoconfigure.webservices.client.MockWebServiceServerTestExecutionListener, org.springframework.test.context.web.ServletTestExecutionListener, org.springframework.test.context.support.DirtiesContextBeforeModesTestExecutionListener, org.springframework.test.context.support.DependencyInjectionTestExecutionListener, org.springframework.test.context.support.DirtiesContextTestExecutionListener, org.springframework.test.context.transaction.TransactionalTestExecutionListener, org.springframework.test.context.jdbc.SqlScriptsTestExecutionListener, org.springframework.test.context.event.EventPublishingTestExecutionListener]
2021-04-29 12:38:48.852  INFO 18285 --- [           main] .b.t.c.SpringBootTestContextBootstrapper : Using TestExecutionListeners: [org.springframework.test.context.support.DirtiesContextBeforeModesTestExecutionListener@6796beb2, org.springframework.boot.test.mock.mockito.MockitoTestExecutionListener@34e40e50, org.springframework.boot.test.autoconfigure.SpringBootDependencyInjectionTestExecutionListener@2c44dccf, org.springframework.test.context.support.DirtiesContextTestExecutionListener@12a02096, org.springframework.test.context.transaction.TransactionalTestExecutionListener@40917f5e, org.springframework.test.context.jdbc.SqlScriptsTestExecutionListener@54937f92, org.springframework.test.context.event.EventPublishingTestExecutionListener@5ebb736b, org.springframework.boot.test.mock.mockito.ResetMocksTestExecutionListener@4d8c5cba, org.springframework.boot.test.autoconfigure.restdocs.RestDocsTestExecutionListener@6acb1da, org.springframework.boot.test.autoconfigure.web.client.MockRestServiceServerResetTestExecutionListener@490c3172, org.springframework.boot.test.autoconfigure.web.servlet.MockMvcPrintOnlyOnFailureTestExecutionListener@4c292313, org.springframework.boot.test.autoconfigure.web.servlet.WebDriverTestExecutionListener@636fdfa0, org.springframework.boot.test.autoconfigure.webservices.client.MockWebServiceServerTestExecutionListener@2e8076]
]]></system-out>
    </rerunError>
    <rerunError type="org.springframework.transaction.CannotCreateTransactionException">
      <stackTrace><![CDATA[org.springframework.transaction.CannotCreateTransactionException: Could not open JPA EntityManager for transaction; nested exception is javax.persistence.PersistenceException: [PersistenceUnit: default] Unable to build Hibernate SessionFactory; nested exception is org.hibernate.tool.schema.spi.SchemaManagementException: Schema-validation: missing table [trip]
Caused by: javax.persistence.PersistenceException: [PersistenceUnit: default] Unable to build Hibernate SessionFactory; nested exception is org.hibernate.tool.schema.spi.SchemaManagementException: Schema-validation: missing table [trip]
Caused by: org.hibernate.tool.schema.spi.SchemaManagementException: Schema-validation: missing table [trip]
]]></stackTrace>
      <system-out><![CDATA[2021-04-29 12:38:48.869  INFO 18285 --- [           main] .b.t.c.SpringBootTestContextBootstrapper : Neither @ContextConfiguration nor @ContextHierarchy found for test class [org.studentnr.backend.service.UserServiceTest], using SpringBootContextLoader
2021-04-29 12:38:48.869  INFO 18285 --- [           main] o.s.t.c.support.AbstractContextLoader    : Could not detect default resource locations for test class [org.studentnr.backend.service.UserServiceTest]: no resource found for suffixes {-context.xml, Context.groovy}.
2021-04-29 12:38:48.872  INFO 18285 --- [           main] .b.t.c.SpringBootTestContextBootstrapper : Loaded default TestExecutionListener class names from location [META-INF/spring.factories]: [org.springframework.boot.test.mock.mockito.MockitoTestExecutionListener, org.springframework.boot.test.mock.mockito.ResetMocksTestExecutionListener, org.springframework.boot.test.autoconfigure.restdocs.RestDocsTestExecutionListener, org.springframework.boot.test.autoconfigure.web.client.MockRestServiceServerResetTestExecutionListener, org.springframework.boot.test.autoconfigure.web.servlet.MockMvcPrintOnlyOnFailureTestExecutionListener, org.springframework.boot.test.autoconfigure.web.servlet.WebDriverTestExecutionListener, org.springframework.boot.test.autoconfigure.webservices.client.MockWebServiceServerTestExecutionListener, org.springframework.test.context.web.ServletTestExecutionListener, org.springframework.test.context.support.DirtiesContextBeforeModesTestExecutionListener, org.springframework.test.context.support.DependencyInjectionTestExecutionListener, org.springframework.test.context.support.DirtiesContextTestExecutionListener, org.springframework.test.context.transaction.TransactionalTestExecutionListener, org.springframework.test.context.jdbc.SqlScriptsTestExecutionListener, org.springframework.test.context.event.EventPublishingTestExecutionListener]
2021-04-29 12:38:48.873  INFO 18285 --- [           main] .b.t.c.SpringBootTestContextBootstrapper : Using TestExecutionListeners: [org.springframework.test.context.support.DirtiesContextBeforeModesTestExecutionListener@2801b6a0, org.springframework.boot.test.mock.mockito.MockitoTestExecutionListener@2db53908, org.springframework.boot.test.autoconfigure.SpringBootDependencyInjectionTestExecutionListener@30ba61c1, org.springframework.test.context.support.DirtiesContextTestExecutionListener@44637a90, org.springframework.test.context.transaction.TransactionalTestExecutionListener@61f2600a, org.springframework.test.context.jdbc.SqlScriptsTestExecutionListener@658b7845, org.springframework.test.context.event.EventPublishingTestExecutionListener@6dcb95c, org.springframework.boot.test.mock.mockito.ResetMocksTestExecutionListener@59b4f4ed, org.springframework.boot.test.autoconfigure.restdocs.RestDocsTestExecutionListener@2b342de1, org.springframework.boot.test.autoconfigure.web.client.MockRestServiceServerResetTestExecutionListener@15c32192, org.springframework.boot.test.autoconfigure.web.servlet.MockMvcPrintOnlyOnFailureTestExecutionListener@76366c2f, org.springframework.boot.test.autoconfigure.web.servlet.WebDriverTestExecutionListener@85bfd98, org.springframework.boot.test.autoconfigure.webservices.client.MockWebServiceServerTestExecutionListener@20a9257]
]]></system-out>
    </rerunError>
  </testcase>
</testsuite>